<?xml version="1.0" encoding="UTF-8"?>
<testng-results ignored="0" total="2" passed="2" failed="0" skipped="0">
  <reporter-output>
  </reporter-output>
  <suite started-at="2020-11-24T16:59:37 IST" name="Default suite" finished-at="2020-11-24T17:01:22 IST" duration-ms="104260">
    <groups>
    </groups>
    <test started-at="2020-11-24T16:59:37 IST" name="Default test" finished-at="2020-11-24T17:01:22 IST" duration-ms="104260">
      <class name="com.impactqa.hdfc.initialization">
        <test-method is-config="true" signature="initial()[pri:0, instance:com.impactqa.hdfc.initialization@11c9af63]" started-at="2020-11-24T16:59:37 IST" name="initial" finished-at="2020-11-24T16:59:51 IST" duration-ms="13620" status="PASS">
          <reporter-output>
          </reporter-output>
        </test-method> <!-- initial -->
        <test-method signature="firstpage()[pri:1, instance:com.impactqa.hdfc.initialization@11c9af63]" started-at="2020-11-24T16:59:51 IST" name="firstpage" finished-at="2020-11-24T17:00:18 IST" duration-ms="26990" status="PASS">
          <reporter-output>
          </reporter-output>
        </test-method> <!-- firstpage -->
        <test-method signature="secondpage()[pri:2, instance:com.impactqa.hdfc.initialization@11c9af63]" started-at="2020-11-24T17:00:18 IST" name="secondpage" finished-at="2020-11-24T17:01:21 IST" duration-ms="63555" status="PASS">
          <reporter-output>
          </reporter-output>
        </test-method> <!-- secondpage -->
        <test-method is-config="true" signature="close()[pri:0, instance:com.impactqa.hdfc.initialization@11c9af63]" started-at="2020-11-24T17:01:21 IST" name="close" finished-at="2020-11-24T17:01:22 IST" duration-ms="49" status="PASS">
          <reporter-output>
          </reporter-output>
        </test-method> <!-- close -->
      </class> <!-- com.impactqa.hdfc.initialization -->
    </test> <!-- Default test -->
  </suite> <!-- Default suite -->
</testng-results>
